This is pdfTeX, Version 3.1415926-2.5-1.40.14 (MiKTeX 2.9) (preloaded format=pdflatex 2015.9.30)  29 MAR 2016 15:37
entering extended mode
**C:/Users/Spukhafte/Dropbox/PHYS*5794/phys5794-homework7/report/phys5794-homew
ork7-report.tex

("C:/Users/Spukhafte/Dropbox/PHYS 5794/phys5794-homework7/report/phys5794-homew
ork7-report.tex"
LaTeX2e <2011/06/27>
Babel <v3.8m> and hyphenation patterns for english, afrikaans, ancientgreek, ar
abic, armenian, assamese, basque, bengali, bokmal, bulgarian, catalan, coptic, 
croatian, czech, danish, dutch, esperanto, estonian, farsi, finnish, french, ga
lician, german, german-x-2013-05-26, greek, gujarati, hindi, hungarian, iceland
ic, indonesian, interlingua, irish, italian, kannada, kurmanji, latin, latvian,
 lithuanian, malayalam, marathi, mongolian, mongolianlmc, monogreek, ngerman, n
german-x-2013-05-26, nynorsk, oriya, panjabi, pinyin, polish, portuguese, roman
ian, russian, sanskrit, serbian, slovak, slovenian, spanish, swedish, swissgerm
an, tamil, telugu, turkish, turkmen, ukenglish, ukrainian, uppersorbian, usengl
ishmax, welsh, loaded.
("C:\Program Files (x86)\MiKTeX 2.9\tex\latex\base\article.cls"
Document Class: article 2007/10/19 v1.4h Standard LaTeX document class
("C:\Program Files (x86)\MiKTeX 2.9\tex\latex\base\size10.clo"
File: size10.clo 2007/10/19 v1.4h Standard LaTeX file (size option)
)
\c@part=\count79
\c@section=\count80
\c@subsection=\count81
\c@subsubsection=\count82
\c@paragraph=\count83
\c@subparagraph=\count84
\c@figure=\count85
\c@table=\count86
\abovecaptionskip=\skip41
\belowcaptionskip=\skip42
\bibindent=\dimen102
)
("C:\Program Files (x86)\MiKTeX 2.9\tex\latex\base\inputenc.sty"
Package: inputenc 2008/03/30 v1.1d Input encoding file
\inpenc@prehook=\toks14
\inpenc@posthook=\toks15

("C:\Program Files (x86)\MiKTeX 2.9\tex\latex\base\utf8.def"
File: utf8.def 2008/04/05 v1.1m UTF-8 support for inputenc
Now handling font encoding OML ...
... no UTF-8 mapping file for font encoding OML
Now handling font encoding T1 ...
... processing UTF-8 mapping file for font encoding T1

("C:\Program Files (x86)\MiKTeX 2.9\tex\latex\base\t1enc.dfu"
File: t1enc.dfu 2008/04/05 v1.1m UTF-8 support for inputenc
   defining Unicode char U+00A1 (decimal 161)
   defining Unicode char U+00A3 (decimal 163)
   defining Unicode char U+00AB (decimal 171)
   defining Unicode char U+00BB (decimal 187)
   defining Unicode char U+00BF (decimal 191)
   defining Unicode char U+00C0 (decimal 192)
   defining Unicode char U+00C1 (decimal 193)
   defining Unicode char U+00C2 (decimal 194)
   defining Unicode char U+00C3 (decimal 195)
   defining Unicode char U+00C4 (decimal 196)
   defining Unicode char U+00C5 (decimal 197)
   defining Unicode char U+00C6 (decimal 198)
   defining Unicode char U+00C7 (decimal 199)
   defining Unicode char U+00C8 (decimal 200)
   defining Unicode char U+00C9 (decimal 201)
   defining Unicode char U+00CA (decimal 202)
   defining Unicode char U+00CB (decimal 203)
   defining Unicode char U+00CC (decimal 204)
   defining Unicode char U+00CD (decimal 205)
   defining Unicode char U+00CE (decimal 206)
   defining Unicode char U+00CF (decimal 207)
   defining Unicode char U+00D0 (decimal 208)
   defining Unicode char U+00D1 (decimal 209)
   defining Unicode char U+00D2 (decimal 210)
   defining Unicode char U+00D3 (decimal 211)
   defining Unicode char U+00D4 (decimal 212)
   defining Unicode char U+00D5 (decimal 213)
   defining Unicode char U+00D6 (decimal 214)
   defining Unicode char U+00D8 (decimal 216)
   defining Unicode char U+00D9 (decimal 217)
   defining Unicode char U+00DA (decimal 218)
   defining Unicode char U+00DB (decimal 219)
   defining Unicode char U+00DC (decimal 220)
   defining Unicode char U+00DD (decimal 221)
   defining Unicode char U+00DE (decimal 222)
   defining Unicode char U+00DF (decimal 223)
   defining Unicode char U+00E0 (decimal 224)
   defining Unicode char U+00E1 (decimal 225)
   defining Unicode char U+00E2 (decimal 226)
   defining Unicode char U+00E3 (decimal 227)
   defining Unicode char U+00E4 (decimal 228)
   defining Unicode char U+00E5 (decimal 229)
   defining Unicode char U+00E6 (decimal 230)
   defining Unicode char U+00E7 (decimal 231)
   defining Unicode char U+00E8 (decimal 232)
   defining Unicode char U+00E9 (decimal 233)
   defining Unicode char U+00EA (decimal 234)
   defining Unicode char U+00EB (decimal 235)
   defining Unicode char U+00EC (decimal 236)
   defining Unicode char U+00ED (decimal 237)
   defining Unicode char U+00EE (decimal 238)
   defining Unicode char U+00EF (decimal 239)
   defining Unicode char U+00F0 (decimal 240)
   defining Unicode char U+00F1 (decimal 241)
   defining Unicode char U+00F2 (decimal 242)
   defining Unicode char U+00F3 (decimal 243)
   defining Unicode char U+00F4 (decimal 244)
   defining Unicode char U+00F5 (decimal 245)
   defining Unicode char U+00F6 (decimal 246)
   defining Unicode char U+00F8 (decimal 248)
   defining Unicode char U+00F9 (decimal 249)
   defining Unicode char U+00FA (decimal 250)
   defining Unicode char U+00FB (decimal 251)
   defining Unicode char U+00FC (decimal 252)
   defining Unicode char U+00FD (decimal 253)
   defining Unicode char U+00FE (decimal 254)
   defining Unicode char U+00FF (decimal 255)
   defining Unicode char U+0102 (decimal 258)
   defining Unicode char U+0103 (decimal 259)
   defining Unicode char U+0104 (decimal 260)
   defining Unicode char U+0105 (decimal 261)
   defining Unicode char U+0106 (decimal 262)
   defining Unicode char U+0107 (decimal 263)
   defining Unicode char U+010C (decimal 268)
   defining Unicode char U+010D (decimal 269)
   defining Unicode char U+010E (decimal 270)
   defining Unicode char U+010F (decimal 271)
   defining Unicode char U+0110 (decimal 272)
   defining Unicode char U+0111 (decimal 273)
   defining Unicode char U+0118 (decimal 280)
   defining Unicode char U+0119 (decimal 281)
   defining Unicode char U+011A (decimal 282)
   defining Unicode char U+011B (decimal 283)
   defining Unicode char U+011E (decimal 286)
   defining Unicode char U+011F (decimal 287)
   defining Unicode char U+0130 (decimal 304)
   defining Unicode char U+0131 (decimal 305)
   defining Unicode char U+0132 (decimal 306)
   defining Unicode char U+0133 (decimal 307)
   defining Unicode char U+0139 (decimal 313)
   defining Unicode char U+013A (decimal 314)
   defining Unicode char U+013D (decimal 317)
   defining Unicode char U+013E (decimal 318)
   defining Unicode char U+0141 (decimal 321)
   defining Unicode char U+0142 (decimal 322)
   defining Unicode char U+0143 (decimal 323)
   defining Unicode char U+0144 (decimal 324)
   defining Unicode char U+0147 (decimal 327)
   defining Unicode char U+0148 (decimal 328)
   defining Unicode char U+014A (decimal 330)
   defining Unicode char U+014B (decimal 331)
   defining Unicode char U+0150 (decimal 336)
   defining Unicode char U+0151 (decimal 337)
   defining Unicode char U+0152 (decimal 338)
   defining Unicode char U+0153 (decimal 339)
   defining Unicode char U+0154 (decimal 340)
   defining Unicode char U+0155 (decimal 341)
   defining Unicode char U+0158 (decimal 344)
   defining Unicode char U+0159 (decimal 345)
   defining Unicode char U+015A (decimal 346)
   defining Unicode char U+015B (decimal 347)
   defining Unicode char U+015E (decimal 350)
   defining Unicode char U+015F (decimal 351)
   defining Unicode char U+0160 (decimal 352)
   defining Unicode char U+0161 (decimal 353)
   defining Unicode char U+0162 (decimal 354)
   defining Unicode char U+0163 (decimal 355)
   defining Unicode char U+0164 (decimal 356)
   defining Unicode char U+0165 (decimal 357)
   defining Unicode char U+016E (decimal 366)
   defining Unicode char U+016F (decimal 367)
   defining Unicode char U+0170 (decimal 368)
   defining Unicode char U+0171 (decimal 369)
   defining Unicode char U+0178 (decimal 376)
   defining Unicode char U+0179 (decimal 377)
   defining Unicode char U+017A (decimal 378)
   defining Unicode char U+017B (decimal 379)
   defining Unicode char U+017C (decimal 380)
   defining Unicode char U+017D (decimal 381)
   defining Unicode char U+017E (decimal 382)
   defining Unicode char U+200C (decimal 8204)
   defining Unicode char U+2013 (decimal 8211)
   defining Unicode char U+2014 (decimal 8212)
   defining Unicode char U+2018 (decimal 8216)
   defining Unicode char U+2019 (decimal 8217)
   defining Unicode char U+201A (decimal 8218)
   defining Unicode char U+201C (decimal 8220)
   defining Unicode char U+201D (decimal 8221)
   defining Unicode char U+201E (decimal 8222)
   defining Unicode char U+2030 (decimal 8240)
   defining Unicode char U+2031 (decimal 8241)
   defining Unicode char U+2039 (decimal 8249)
   defining Unicode char U+203A (decimal 8250)
   defining Unicode char U+2423 (decimal 9251)
)
Now handling font encoding OT1 ...
... processing UTF-8 mapping file for font encoding OT1

("C:\Program Files (x86)\MiKTeX 2.9\tex\latex\base\ot1enc.dfu"
File: ot1enc.dfu 2008/04/05 v1.1m UTF-8 support for inputenc
   defining Unicode char U+00A1 (decimal 161)
   defining Unicode char U+00A3 (decimal 163)
   defining Unicode char U+00B8 (decimal 184)
   defining Unicode char U+00BF (decimal 191)
   defining Unicode char U+00C5 (decimal 197)
   defining Unicode char U+00C6 (decimal 198)
   defining Unicode char U+00D8 (decimal 216)
   defining Unicode char U+00DF (decimal 223)
   defining Unicode char U+00E6 (decimal 230)
   defining Unicode char U+00EC (decimal 236)
   defining Unicode char U+00ED (decimal 237)
   defining Unicode char U+00EE (decimal 238)
   defining Unicode char U+00EF (decimal 239)
   defining Unicode char U+00F8 (decimal 248)
   defining Unicode char U+0131 (decimal 305)
   defining Unicode char U+0141 (decimal 321)
   defining Unicode char U+0142 (decimal 322)
   defining Unicode char U+0152 (decimal 338)
   defining Unicode char U+0153 (decimal 339)
   defining Unicode char U+2013 (decimal 8211)
   defining Unicode char U+2014 (decimal 8212)
   defining Unicode char U+2018 (decimal 8216)
   defining Unicode char U+2019 (decimal 8217)
   defining Unicode char U+201C (decimal 8220)
   defining Unicode char U+201D (decimal 8221)
)
Now handling font encoding OMS ...
... processing UTF-8 mapping file for font encoding OMS

("C:\Program Files (x86)\MiKTeX 2.9\tex\latex\base\omsenc.dfu"
File: omsenc.dfu 2008/04/05 v1.1m UTF-8 support for inputenc
   defining Unicode char U+00A7 (decimal 167)
   defining Unicode char U+00B6 (decimal 182)
   defining Unicode char U+00B7 (decimal 183)
   defining Unicode char U+2020 (decimal 8224)
   defining Unicode char U+2021 (decimal 8225)
   defining Unicode char U+2022 (decimal 8226)
)
Now handling font encoding OMX ...
... no UTF-8 mapping file for font encoding OMX
Now handling font encoding U ...
... no UTF-8 mapping file for font encoding U
   defining Unicode char U+00A9 (decimal 169)
   defining Unicode char U+00AA (decimal 170)
   defining Unicode char U+00AE (decimal 174)
   defining Unicode char U+00BA (decimal 186)
   defining Unicode char U+02C6 (decimal 710)
   defining Unicode char U+02DC (decimal 732)
   defining Unicode char U+200C (decimal 8204)
   defining Unicode char U+2026 (decimal 8230)
   defining Unicode char U+2122 (decimal 8482)
   defining Unicode char U+2423 (decimal 9251)
))
("C:\Program Files (x86)\MiKTeX 2.9\tex\latex\amsmath\amsmath.sty"
Package: amsmath 2013/01/14 v2.14 AMS math features
\@mathmargin=\skip43

For additional information on amsmath, use the `?' option.
("C:\Program Files (x86)\MiKTeX 2.9\tex\latex\amsmath\amstext.sty"
Package: amstext 2000/06/29 v2.01

("C:\Program Files (x86)\MiKTeX 2.9\tex\latex\amsmath\amsgen.sty"
File: amsgen.sty 1999/11/30 v2.0
\@emptytoks=\toks16
\ex@=\dimen103
))
("C:\Program Files (x86)\MiKTeX 2.9\tex\latex\amsmath\amsbsy.sty"
Package: amsbsy 1999/11/29 v1.2d
\pmbraise@=\dimen104
)
("C:\Program Files (x86)\MiKTeX 2.9\tex\latex\amsmath\amsopn.sty"
Package: amsopn 1999/12/14 v2.01 operator names
)
\inf@bad=\count87
LaTeX Info: Redefining \frac on input line 210.
\uproot@=\count88
\leftroot@=\count89
LaTeX Info: Redefining \overline on input line 306.
\classnum@=\count90
\DOTSCASE@=\count91
LaTeX Info: Redefining \ldots on input line 378.
LaTeX Info: Redefining \dots on input line 381.
LaTeX Info: Redefining \cdots on input line 466.
\Mathstrutbox@=\box26
\strutbox@=\box27
\big@size=\dimen105
LaTeX Font Info:    Redeclaring font encoding OML on input line 566.
LaTeX Font Info:    Redeclaring font encoding OMS on input line 567.
\macc@depth=\count92
\c@MaxMatrixCols=\count93
\dotsspace@=\muskip10
\c@parentequation=\count94
\dspbrk@lvl=\count95
\tag@help=\toks17
\row@=\count96
\column@=\count97
\maxfields@=\count98
\andhelp@=\toks18
\eqnshift@=\dimen106
\alignsep@=\dimen107
\tagshift@=\dimen108
\tagwidth@=\dimen109
\totwidth@=\dimen110
\lineht@=\dimen111
\@envbody=\toks19
\multlinegap=\skip44
\multlinetaggap=\skip45
\mathdisplay@stack=\toks20
LaTeX Info: Redefining \[ on input line 2665.
LaTeX Info: Redefining \] on input line 2666.
)
("C:\Program Files (x86)\MiKTeX 2.9\tex\latex\amsfonts\amsfonts.sty"
Package: amsfonts 2013/01/14 v3.01 Basic AMSFonts support
\symAMSa=\mathgroup4
\symAMSb=\mathgroup5
LaTeX Font Info:    Overwriting math alphabet `\mathfrak' in version `bold'
(Font)                  U/euf/m/n --> U/euf/b/n on input line 106.
)
("C:\Program Files (x86)\MiKTeX 2.9\tex\latex\amsfonts\amssymb.sty"
Package: amssymb 2013/01/14 v3.01 AMS font symbols
)
("C:\Program Files (x86)\MiKTeX 2.9\tex\latex\graphics\graphicx.sty"
Package: graphicx 1999/02/16 v1.0f Enhanced LaTeX Graphics (DPC,SPQR)

("C:\Program Files (x86)\MiKTeX 2.9\tex\latex\graphics\keyval.sty"
Package: keyval 1999/03/16 v1.13 key=value parser (DPC)
\KV@toks@=\toks21
)
("C:\Program Files (x86)\MiKTeX 2.9\tex\latex\graphics\graphics.sty"
Package: graphics 2009/02/05 v1.0o Standard LaTeX Graphics (DPC,SPQR)

("C:\Program Files (x86)\MiKTeX 2.9\tex\latex\graphics\trig.sty"
Package: trig 1999/03/16 v1.09 sin cos tan (DPC)
)
("C:\Program Files (x86)\MiKTeX 2.9\tex\latex\00miktex\graphics.cfg"
File: graphics.cfg 2007/01/18 v1.5 graphics configuration of teTeX/TeXLive
)
Package graphics Info: Driver file: pdftex.def on input line 91.

("C:\Program Files (x86)\MiKTeX 2.9\tex\latex\pdftex-def\pdftex.def"
File: pdftex.def 2011/05/27 v0.06d Graphics/color for pdfTeX

("C:\Program Files (x86)\MiKTeX 2.9\tex\generic\oberdiek\infwarerr.sty"
Package: infwarerr 2010/04/08 v1.3 Providing info/warning/error messages (HO)
)
("C:\Program Files (x86)\MiKTeX 2.9\tex\generic\oberdiek\ltxcmds.sty"
Package: ltxcmds 2011/11/09 v1.22 LaTeX kernel commands for general use (HO)
)
\Gread@gobject=\count99
))
\Gin@req@height=\dimen112
\Gin@req@width=\dimen113
)
("C:\Program Files (x86)\MiKTeX 2.9\tex\latex\geometry\geometry.sty"
Package: geometry 2010/09/12 v5.6 Page Geometry

("C:\Program Files (x86)\MiKTeX 2.9\tex\generic\oberdiek\ifpdf.sty"
Package: ifpdf 2011/01/30 v2.3 Provides the ifpdf switch (HO)
Package ifpdf Info: pdfTeX in PDF mode is detected.
)
("C:\Program Files (x86)\MiKTeX 2.9\tex\generic\oberdiek\ifvtex.sty"
Package: ifvtex 2010/03/01 v1.5 Detect VTeX and its facilities (HO)
Package ifvtex Info: VTeX not detected.
)
("C:\Program Files (x86)\MiKTeX 2.9\tex\generic\ifxetex\ifxetex.sty"
Package: ifxetex 2010/09/12 v0.6 Provides ifxetex conditional
)
\Gm@cnth=\count100
\Gm@cntv=\count101
\c@Gm@tempcnt=\count102
\Gm@bindingoffset=\dimen114
\Gm@wd@mp=\dimen115
\Gm@odd@mp=\dimen116
\Gm@even@mp=\dimen117
\Gm@layoutwidth=\dimen118
\Gm@layoutheight=\dimen119
\Gm@layouthoffset=\dimen120
\Gm@layoutvoffset=\dimen121
\Gm@dimlist=\toks22

("C:\Program Files (x86)\MiKTeX 2.9\tex\latex\geometry\geometry.cfg"))
("C:\Program Files (x86)\MiKTeX 2.9\tex\latex\float\float.sty"
Package: float 2001/11/08 v1.3d Float enhancements (AL)
\c@float@type=\count103
\float@exts=\toks23
\float@box=\box28
\@float@everytoks=\toks24
\@floatcapt=\box29
)

LaTeX Warning: Unused global option(s):
    [letter].


("C:\Users\Spukhafte\Dropbox\PHYS 5794\phys5794-homework7\report\phys5794-homew
ork7-report.aux")
LaTeX Font Info:    Checking defaults for OML/cmm/m/it on input line 11.
LaTeX Font Info:    ... okay on input line 11.
LaTeX Font Info:    Checking defaults for T1/cmr/m/n on input line 11.
LaTeX Font Info:    ... okay on input line 11.
LaTeX Font Info:    Checking defaults for OT1/cmr/m/n on input line 11.
LaTeX Font Info:    ... okay on input line 11.
LaTeX Font Info:    Checking defaults for OMS/cmsy/m/n on input line 11.
LaTeX Font Info:    ... okay on input line 11.
LaTeX Font Info:    Checking defaults for OMX/cmex/m/n on input line 11.
LaTeX Font Info:    ... okay on input line 11.
LaTeX Font Info:    Checking defaults for U/cmr/m/n on input line 11.
LaTeX Font Info:    ... okay on input line 11.

("C:\Program Files (x86)\MiKTeX 2.9\tex\context\base\supp-pdf.mkii"
[Loading MPS to PDF converter (version 2006.09.02).]
\scratchcounter=\count104
\scratchdimen=\dimen122
\scratchbox=\box30
\nofMPsegments=\count105
\nofMParguments=\count106
\everyMPshowfont=\toks25
\MPscratchCnt=\count107
\MPscratchDim=\dimen123
\MPnumerator=\count108
\makeMPintoPDFobject=\count109
\everyMPtoPDFconversion=\toks26
)
*geometry* driver: auto-detecting
*geometry* detected driver: pdftex
*geometry* verbose mode - [ preamble ] result:
* driver: pdftex
* paper: <default>
* layout: <same size as paper>
* layoutoffset:(h,v)=(0.0pt,0.0pt)
* modes: 
* h-part:(L,W,R)=(72.26999pt, 469.75502pt, 72.26999pt)
* v-part:(T,H,B)=(72.26999pt, 650.43001pt, 72.26999pt)
* \paperwidth=614.295pt
* \paperheight=794.96999pt
* \textwidth=469.75502pt
* \textheight=650.43001pt
* \oddsidemargin=0.0pt
* \evensidemargin=0.0pt
* \topmargin=-37.0pt
* \headheight=12.0pt
* \headsep=25.0pt
* \topskip=10.0pt
* \footskip=30.0pt
* \marginparwidth=65.0pt
* \marginparsep=11.0pt
* \columnsep=10.0pt
* \skip\footins=9.0pt plus 4.0pt minus 2.0pt
* \hoffset=0.0pt
* \voffset=0.0pt
* \mag=1000
* \@twocolumnfalse
* \@twosidefalse
* \@mparswitchfalse
* \@reversemarginfalse
* (1in=72.27pt=25.4mm, 1cm=28.453pt)

LaTeX Font Info:    Try loading font information for U+msa on input line 17.
("C:\Program Files (x86)\MiKTeX 2.9\tex\latex\amsfonts\umsa.fd"
File: umsa.fd 2013/01/14 v3.01 AMS symbols A
)
LaTeX Font Info:    Try loading font information for U+msb on input line 17.

("C:\Program Files (x86)\MiKTeX 2.9\tex\latex\amsfonts\umsb.fd"
File: umsb.fd 2013/01/14 v3.01 AMS symbols B
) [1

{C:/ProgramData/MiKTeX/2.9/pdftex/config/pdftex.map}] [1]
<homework7_problem1_plot0.png, id=18, 578.16pt x 433.62pt>
File: homework7_problem1_plot0.png Graphic file (type png)

<use homework7_problem1_plot0.png>
Package pdftex.def Info: homework7_problem1_plot0.png used on input line 117.
(pdftex.def)             Requested size: 281.85587pt x 211.39055pt.
 [2] [3 <C:/Users/Spukhafte/Dropbox/PHYS 5794/phys5794-homework7/report/homewor
k7_problem1_plot0.png>] [4]
<homework7_problem1_plot1.png, id=31, 578.16pt x 433.62pt>
File: homework7_problem1_plot1.png Graphic file (type png)

<use homework7_problem1_plot1.png>
Package pdftex.def Info: homework7_problem1_plot1.png used on input line 258.
(pdftex.def)             Requested size: 281.85587pt x 211.39055pt.

<homework7_problem1_plot2.png, id=32, 578.16pt x 433.62pt>
File: homework7_problem1_plot2.png Graphic file (type png)

<use homework7_problem1_plot2.png>
Package pdftex.def Info: homework7_problem1_plot2.png used on input line 262.
(pdftex.def)             Requested size: 281.85587pt x 211.39055pt.
 [5]
<homework7_problem1_plot3.png, id=36, 578.16pt x 433.62pt>
File: homework7_problem1_plot3.png Graphic file (type png)

<use homework7_problem1_plot3.png>
Package pdftex.def Info: homework7_problem1_plot3.png used on input line 266.
(pdftex.def)             Requested size: 281.85587pt x 211.39055pt.

<homework7_problem1_plot4.png, id=37, 578.16pt x 433.62pt>
File: homework7_problem1_plot4.png Graphic file (type png)

<use homework7_problem1_plot4.png>
Package pdftex.def Info: homework7_problem1_plot4.png used on input line 270.
(pdftex.def)             Requested size: 281.85587pt x 211.39055pt.
 [6 <C:/Users/Spukhafte/Dropbox/PHYS 5794/phys5794-homework7/report/homework7_p
roblem1_plot1.png> <C:/Users/Spukhafte/Dropbox/PHYS 5794/phys5794-homework7/rep
ort/homework7_problem1_plot2.png>]
<homework7_problem1_plot5.png, id=44, 578.16pt x 433.62pt>
File: homework7_problem1_plot5.png Graphic file (type png)

<use homework7_problem1_plot5.png>
Package pdftex.def Info: homework7_problem1_plot5.png used on input line 274.
(pdftex.def)             Requested size: 281.85587pt x 211.39055pt.

<homework7_problem1_plot6.png, id=45, 578.16pt x 433.62pt>
File: homework7_problem1_plot6.png Graphic file (type png)

<use homework7_problem1_plot6.png>
Package pdftex.def Info: homework7_problem1_plot6.png used on input line 278.
(pdftex.def)             Requested size: 281.85587pt x 211.39055pt.
 [7 <C:/Users/Spukhafte/Dropbox/PHYS 5794/phys5794-homework7/report/homework7_p
roblem1_plot3.png> <C:/Users/Spukhafte/Dropbox/PHYS 5794/phys5794-homework7/rep
ort/homework7_problem1_plot4.png>]
<homework7_problem1_plot7.png, id=51, 578.16pt x 433.62pt>
File: homework7_problem1_plot7.png Graphic file (type png)

<use homework7_problem1_plot7.png>
Package pdftex.def Info: homework7_problem1_plot7.png used on input line 282.
(pdftex.def)             Requested size: 281.85587pt x 211.39055pt.

<homework7_problem1_plot8.png, id=52, 578.16pt x 433.62pt>
File: homework7_problem1_plot8.png Graphic file (type png)

<use homework7_problem1_plot8.png>
Package pdftex.def Info: homework7_problem1_plot8.png used on input line 286.
(pdftex.def)             Requested size: 281.85587pt x 211.39055pt.
 [8 <C:/Users/Spukhafte/Dropbox/PHYS 5794/phys5794-homework7/report/homework7_p
roblem1_plot5.png> <C:/Users/Spukhafte/Dropbox/PHYS 5794/phys5794-homework7/rep
ort/homework7_problem1_plot6.png>]
<homework7_problem1_plot9.png, id=58, 578.16pt x 433.62pt>
File: homework7_problem1_plot9.png Graphic file (type png)

<use homework7_problem1_plot9.png>
Package pdftex.def Info: homework7_problem1_plot9.png used on input line 290.
(pdftex.def)             Requested size: 281.85587pt x 211.39055pt.

<homework7_problem1_plot10.png, id=59, 578.16pt x 433.62pt>
File: homework7_problem1_plot10.png Graphic file (type png)

<use homework7_problem1_plot10.png>
Package pdftex.def Info: homework7_problem1_plot10.png used on input line 294.
(pdftex.def)             Requested size: 281.85587pt x 211.39055pt.
 [9 <C:/Users/Spukhafte/Dropbox/PHYS 5794/phys5794-homework7/report/homework7_p
roblem1_plot7.png> <C:/Users/Spukhafte/Dropbox/PHYS 5794/phys5794-homework7/rep
ort/homework7_problem1_plot8.png>]
<homework7_problem1_plot11.png, id=65, 578.16pt x 433.62pt>
File: homework7_problem1_plot11.png Graphic file (type png)

<use homework7_problem1_plot11.png>
Package pdftex.def Info: homework7_problem1_plot11.png used on input line 298.
(pdftex.def)             Requested size: 281.85587pt x 211.39055pt.

<homework7_problem1_plot12.png, id=66, 578.16pt x 433.62pt>
File: homework7_problem1_plot12.png Graphic file (type png)

<use homework7_problem1_plot12.png>
Package pdftex.def Info: homework7_problem1_plot12.png used on input line 302.
(pdftex.def)             Requested size: 281.85587pt x 211.39055pt.
 [10 <C:/Users/Spukhafte/Dropbox/PHYS 5794/phys5794-homework7/report/homework7_
problem1_plot9.png> <C:/Users/Spukhafte/Dropbox/PHYS 5794/phys5794-homework7/re
port/homework7_problem1_plot10.png>]
<homework7_problem1_plot13.png, id=72, 578.16pt x 433.62pt>
File: homework7_problem1_plot13.png Graphic file (type png)

<use homework7_problem1_plot13.png>
Package pdftex.def Info: homework7_problem1_plot13.png used on input line 306.
(pdftex.def)             Requested size: 281.85587pt x 211.39055pt.

<homework7_problem1_plot14.png, id=73, 578.16pt x 433.62pt>
File: homework7_problem1_plot14.png Graphic file (type png)

<use homework7_problem1_plot14.png>
Package pdftex.def Info: homework7_problem1_plot14.png used on input line 310.
(pdftex.def)             Requested size: 281.85587pt x 211.39055pt.
 [11 <C:/Users/Spukhafte/Dropbox/PHYS 5794/phys5794-homework7/report/homework7_
problem1_plot11.png> <C:/Users/Spukhafte/Dropbox/PHYS 5794/phys5794-homework7/r
eport/homework7_problem1_plot12.png>]
<homework7_problem1_plot15.png, id=79, 578.16pt x 433.62pt>
File: homework7_problem1_plot15.png Graphic file (type png)

<use homework7_problem1_plot15.png>
Package pdftex.def Info: homework7_problem1_plot15.png used on input line 314.
(pdftex.def)             Requested size: 281.85587pt x 211.39055pt.

<homework7_problem1_plot16.png, id=80, 578.16pt x 433.62pt>
File: homework7_problem1_plot16.png Graphic file (type png)

<use homework7_problem1_plot16.png>
Package pdftex.def Info: homework7_problem1_plot16.png used on input line 318.
(pdftex.def)             Requested size: 281.85587pt x 211.39055pt.
 [12 <C:/Users/Spukhafte/Dropbox/PHYS 5794/phys5794-homework7/report/homework7_
problem1_plot13.png> <C:/Users/Spukhafte/Dropbox/PHYS 5794/phys5794-homework7/r
eport/homework7_problem1_plot14.png>]
<homework7_problem1_plot17.png, id=87, 578.16pt x 433.62pt>
File: homework7_problem1_plot17.png Graphic file (type png)

<use homework7_problem1_plot17.png>
Package pdftex.def Info: homework7_problem1_plot17.png used on input line 322.
(pdftex.def)             Requested size: 281.85587pt x 211.39055pt.

<homework7_problem1_plot18.png, id=88, 578.16pt x 433.62pt>
File: homework7_problem1_plot18.png Graphic file (type png)

<use homework7_problem1_plot18.png>
Package pdftex.def Info: homework7_problem1_plot18.png used on input line 326.
(pdftex.def)             Requested size: 281.85587pt x 211.39055pt.
 [13 <C:/Users/Spukhafte/Dropbox/PHYS 5794/phys5794-homework7/report/homework7_
problem1_plot15.png> <C:/Users/Spukhafte/Dropbox/PHYS 5794/phys5794-homework7/r
eport/homework7_problem1_plot16.png>]
<homework7_problem1_plot19.png, id=94, 578.16pt x 433.62pt>
File: homework7_problem1_plot19.png Graphic file (type png)

<use homework7_problem1_plot19.png>
Package pdftex.def Info: homework7_problem1_plot19.png used on input line 330.
(pdftex.def)             Requested size: 281.85587pt x 211.39055pt.

<homework7_problem1_plot20.png, id=95, 578.16pt x 433.62pt>
File: homework7_problem1_plot20.png Graphic file (type png)

<use homework7_problem1_plot20.png>
Package pdftex.def Info: homework7_problem1_plot20.png used on input line 334.
(pdftex.def)             Requested size: 281.85587pt x 211.39055pt.
 [14 <C:/Users/Spukhafte/Dropbox/PHYS 5794/phys5794-homework7/report/homework7_
problem1_plot17.png> <C:/Users/Spukhafte/Dropbox/PHYS 5794/phys5794-homework7/r
eport/homework7_problem1_plot18.png>]
<homework7_problem1_plot21.png, id=101, 578.16pt x 433.62pt>
File: homework7_problem1_plot21.png Graphic file (type png)

<use homework7_problem1_plot21.png>
Package pdftex.def Info: homework7_problem1_plot21.png used on input line 338.
(pdftex.def)             Requested size: 281.85587pt x 211.39055pt.

<homework7_problem1_plot22.png, id=102, 578.16pt x 433.62pt>
File: homework7_problem1_plot22.png Graphic file (type png)

<use homework7_problem1_plot22.png>
Package pdftex.def Info: homework7_problem1_plot22.png used on input line 342.
(pdftex.def)             Requested size: 281.85587pt x 211.39055pt.
 [15 <C:/Users/Spukhafte/Dropbox/PHYS 5794/phys5794-homework7/report/homework7_
problem1_plot19.png> <C:/Users/Spukhafte/Dropbox/PHYS 5794/phys5794-homework7/r
eport/homework7_problem1_plot20.png>]
<homework7_problem1_plot23.png, id=108, 578.16pt x 433.62pt>
File: homework7_problem1_plot23.png Graphic file (type png)

<use homework7_problem1_plot23.png>
Package pdftex.def Info: homework7_problem1_plot23.png used on input line 346.
(pdftex.def)             Requested size: 281.85587pt x 211.39055pt.

<homework7_problem1_plot24.png, id=109, 578.16pt x 433.62pt>
File: homework7_problem1_plot24.png Graphic file (type png)

<use homework7_problem1_plot24.png>
Package pdftex.def Info: homework7_problem1_plot24.png used on input line 350.
(pdftex.def)             Requested size: 281.85587pt x 211.39055pt.
 [16 <C:/Users/Spukhafte/Dropbox/PHYS 5794/phys5794-homework7/report/homework7_
problem1_plot21.png> <C:/Users/Spukhafte/Dropbox/PHYS 5794/phys5794-homework7/r
eport/homework7_problem1_plot22.png>]
<homework7_problem1_plot25.png, id=115, 578.16pt x 433.62pt>
File: homework7_problem1_plot25.png Graphic file (type png)

<use homework7_problem1_plot25.png>
Package pdftex.def Info: homework7_problem1_plot25.png used on input line 354.
(pdftex.def)             Requested size: 281.85587pt x 211.39055pt.
 [17 <C:/Users/Spukhafte/Dropbox/PHYS 5794/phys5794-homework7/report/homework7_
problem1_plot23.png> <C:/Users/Spukhafte/Dropbox/PHYS 5794/phys5794-homework7/r
eport/homework7_problem1_plot24.png>]
[18 <C:/Users/Spukhafte/Dropbox/PHYS 5794/phys5794-homework7/report/homework7_p
roblem1_plot25.png>] [19]
<homework7_problem2_plot0.png, id=129, 578.16pt x 433.62pt>
File: homework7_problem2_plot0.png Graphic file (type png)

<use homework7_problem2_plot0.png>
Package pdftex.def Info: homework7_problem2_plot0.png used on input line 438.
(pdftex.def)             Requested size: 281.85587pt x 211.39055pt.

<homework7_problem2_plot1.png, id=130, 578.16pt x 433.62pt>
File: homework7_problem2_plot1.png Graphic file (type png)

<use homework7_problem2_plot1.png>
Package pdftex.def Info: homework7_problem2_plot1.png used on input line 442.
(pdftex.def)             Requested size: 281.85587pt x 211.39055pt.

<homework7_problem2_plot2.png, id=131, 578.16pt x 433.62pt>
File: homework7_problem2_plot2.png Graphic file (type png)

<use homework7_problem2_plot2.png>
Package pdftex.def Info: homework7_problem2_plot2.png used on input line 446.
(pdftex.def)             Requested size: 281.85587pt x 211.39055pt.

<homework7_problem2_plot3.png, id=132, 578.16pt x 433.62pt>
File: homework7_problem2_plot3.png Graphic file (type png)

<use homework7_problem2_plot3.png>
Package pdftex.def Info: homework7_problem2_plot3.png used on input line 450.
(pdftex.def)             Requested size: 281.85587pt x 211.39055pt.
 [20 <C:/Users/Spukhafte/Dropbox/PHYS 5794/phys5794-homework7/report/homework7_
problem2_plot0.png> <C:/Users/Spukhafte/Dropbox/PHYS 5794/phys5794-homework7/re
port/homework7_problem2_plot1.png>]
<homework7_problem2_plot4.png, id=138, 578.16pt x 433.62pt>
File: homework7_problem2_plot4.png Graphic file (type png)

<use homework7_problem2_plot4.png>
Package pdftex.def Info: homework7_problem2_plot4.png used on input line 454.
(pdftex.def)             Requested size: 281.85587pt x 211.39055pt.

<homework7_problem2_plot5.png, id=139, 578.16pt x 433.62pt>
File: homework7_problem2_plot5.png Graphic file (type png)

<use homework7_problem2_plot5.png>
Package pdftex.def Info: homework7_problem2_plot5.png used on input line 458.
(pdftex.def)             Requested size: 281.85587pt x 211.39055pt.
 [21 <C:/Users/Spukhafte/Dropbox/PHYS 5794/phys5794-homework7/report/homework7_
problem2_plot2.png> <C:/Users/Spukhafte/Dropbox/PHYS 5794/phys5794-homework7/re
port/homework7_problem2_plot3.png>]
<homework7_problem2_plot6.png, id=145, 578.16pt x 433.62pt>
File: homework7_problem2_plot6.png Graphic file (type png)

<use homework7_problem2_plot6.png>
Package pdftex.def Info: homework7_problem2_plot6.png used on input line 462.
(pdftex.def)             Requested size: 281.85587pt x 211.39055pt.

<homework7_problem2_plot7.png, id=146, 578.16pt x 433.62pt>
File: homework7_problem2_plot7.png Graphic file (type png)

<use homework7_problem2_plot7.png>
Package pdftex.def Info: homework7_problem2_plot7.png used on input line 466.
(pdftex.def)             Requested size: 281.85587pt x 211.39055pt.
 [22 <C:/Users/Spukhafte/Dropbox/PHYS 5794/phys5794-homework7/report/homework7_
problem2_plot4.png> <C:/Users/Spukhafte/Dropbox/PHYS 5794/phys5794-homework7/re
port/homework7_problem2_plot5.png>]
<homework7_problem2_plot8.png, id=152, 578.16pt x 433.62pt>
File: homework7_problem2_plot8.png Graphic file (type png)

<use homework7_problem2_plot8.png>
Package pdftex.def Info: homework7_problem2_plot8.png used on input line 470.
(pdftex.def)             Requested size: 281.85587pt x 211.39055pt.

<homework7_problem2_plot9.png, id=153, 578.16pt x 433.62pt>
File: homework7_problem2_plot9.png Graphic file (type png)

<use homework7_problem2_plot9.png>
Package pdftex.def Info: homework7_problem2_plot9.png used on input line 474.
(pdftex.def)             Requested size: 281.85587pt x 211.39055pt.
 [23 <C:/Users/Spukhafte/Dropbox/PHYS 5794/phys5794-homework7/report/homework7_
problem2_plot6.png> <C:/Users/Spukhafte/Dropbox/PHYS 5794/phys5794-homework7/re
port/homework7_problem2_plot7.png>]
<homework7_problem2_plot10.png, id=159, 578.16pt x 433.62pt>
File: homework7_problem2_plot10.png Graphic file (type png)

<use homework7_problem2_plot10.png>
Package pdftex.def Info: homework7_problem2_plot10.png used on input line 478.
(pdftex.def)             Requested size: 281.85587pt x 211.39055pt.

<homework7_problem2_plot11.png, id=160, 578.16pt x 433.62pt>
File: homework7_problem2_plot11.png Graphic file (type png)

<use homework7_problem2_plot11.png>
Package pdftex.def Info: homework7_problem2_plot11.png used on input line 482.
(pdftex.def)             Requested size: 281.85587pt x 211.39055pt.
 [24 <C:/Users/Spukhafte/Dropbox/PHYS 5794/phys5794-homework7/report/homework7_
problem2_plot8.png> <C:/Users/Spukhafte/Dropbox/PHYS 5794/phys5794-homework7/re
port/homework7_problem2_plot9.png>] [25 <C:/Users/Spukhafte/Dropbox/PHYS 5794/p
hys5794-homework7/report/homework7_problem2_plot10.png> <C:/Users/Spukhafte/Dro
pbox/PHYS 5794/phys5794-homework7/report/homework7_problem2_plot11.png>]
<homework7_problem2_plot-1.png, id=172, 578.16pt x 433.62pt>
File: homework7_problem2_plot-1.png Graphic file (type png)

<use homework7_problem2_plot-1.png>
Package pdftex.def Info: homework7_problem2_plot-1.png used on input line 495.
(pdftex.def)             Requested size: 281.85587pt x 211.39055pt.
 [26 <C:/Users/Spukhafte/Dropbox/PHYS 5794/phys5794-homework7/report/homework7_
problem2_plot-1.png>]
("C:\Users\Spukhafte\Dropbox\PHYS 5794\phys5794-homework7\report\phys5794-homew
ork7-report.aux") ) 
Here is how much of TeX's memory you used:
 2980 strings out of 493921
 41826 string characters out of 3144864
 99310 words of memory out of 3000000
 6204 multiletter control sequences out of 15000+200000
 11363 words of font info for 45 fonts, out of 3000000 for 9000
 841 hyphenation exceptions out of 8191
 27i,6n,32p,546b,246s stack positions out of 5000i,500n,10000p,200000b,50000s
<C:/Program Files (x86)/MiKTeX 2.9/fonts/type1/public/amsfon
ts/cm/cmbx12.pfb><C:/Program Files (x86)/MiKTeX 2.9/fonts/type1/public/amsfonts
/cm/cmex10.pfb><C:/Program Files (x86)/MiKTeX 2.9/fonts/type1/public/amsfonts/c
m/cmmi10.pfb><C:/Program Files (x86)/MiKTeX 2.9/fonts/type1/public/amsfonts/cm/
cmmi7.pfb><C:/Program Files (x86)/MiKTeX 2.9/fonts/type1/public/amsfonts/cm/cmr
10.pfb><C:/Program Files (x86)/MiKTeX 2.9/fonts/type1/public/amsfonts/cm/cmr12.
pfb><C:/Program Files (x86)/MiKTeX 2.9/fonts/type1/public/amsfonts/cm/cmr17.pfb
><C:/Program Files (x86)/MiKTeX 2.9/fonts/type1/public/amsfonts/cm/cmr7.pfb><C:
/Program Files (x86)/MiKTeX 2.9/fonts/type1/public/amsfonts/cm/cmsy10.pfb><C:/P
rogram Files (x86)/MiKTeX 2.9/fonts/type1/public/amsfonts/cm/cmsy7.pfb><C:/Prog
ram Files (x86)/MiKTeX 2.9/fonts/type1/public/amsfonts/cm/cmtt10.pfb>
Output written on phys5794-homework7-report.pdf (27 pages, 1329994 bytes).
PDF statistics:
 212 PDF objects out of 1000 (max. 8388607)
 0 named destinations out of 1000 (max. 500000)
 196 words of extra memory for PDF output out of 10000 (max. 10000000)

